########### array before sorts ###########
0	12.833000	22.792800	53.592400	22.692800	n
1	53.592400	22.692800	53.592400	61.418800	n
2	53.592400	61.418800	12.833000	61.518800	n
3	12.833000	61.518800	12.833000	22.792800	n
Tolerance=0.050000.
*Exact match for i=0 and j=1.
*i point 12.833000	22.792800	53.592400	22.692800	y
*Exact match for i=1 and j=2.
*i point 53.592400	22.692800	53.592400	61.418800	y
*Exact match for i=2 and j=3.
*i point 53.592400	61.418800	12.833000	61.518800	y
########### array after sorts ###########
0	12.833000	22.792800	53.592400	22.692800	y
1	53.592400	22.692800	53.592400	61.418800	y
2	53.592400	61.418800	12.833000	61.518800	y
3	12.833000	61.518800	12.833000	22.792800	y
***************
.BOARD_OUTLINE UNOWNED
1.6
0     12.833000     22.792800     0
0     53.592400     22.692800     0
0     53.592400     61.418800     0
0     12.833000     61.518800     0
0     12.833000     22.792800     0
